2025-02-21T10:08:02+00:00 DEBUG POST: https://ads.tiktok.com/marketing_api/api/developer/app/create_auto_approve/

{"business_platform":"PROD","smb_id":"tt4b_woocommerce_67b8508293a65httplocalhost8888nguyen20trung20huuwp-admin","smb_name":"PROD","redirect_url":"http:\/\/localhost:8888\/nguyen%20trung%20huu\/wp-admin\/"}
 ajax: no
2025-02-21T10:08:03+00:00 DEBUG Tt4b_Mapi_Class::create_open_source_app: Response: 

HTTP/1.1 200 OK
Content-Type: application/json
X-Tt-Logid: 202502211008026FA902D17EB82D2E494C,202502211008026FA902D17EB82D2E494C
Strict-Transport-Security: max-age=31536000; includeSubDomains
Server-Timing: inner; dur=82
x-tt-trace-host: 01b242d8bc4037d51f29ae8c92de2ce54b12b27f436928740daa2718884cdfed137312d1b707184d9483a1e6997cd482c0deda0243886db0eaf60c2fe72efc91b9bfab5d766fb754ec289e0b2b95a434236087a644cad0867d25f0c35f9d26fa79
x-tt-trace-id: 00-2502211008026FA902D17EB82D2E494C-7BD27FFF551F4158-00
Server: TLB
Content-Encoding: gzip
Date: Fri, 21 Feb 2025 10:08:03 GMT
Content-Length: 221
X-Cache: TCP_MISS from a23-32-20-52.deploy.akamaitechnologies.com (AkamaiGHost/11.8.2-cebd4885bf42ba1e815e293c69ad1d4a) (-)
Connection: close
Vary: Accept-Encoding
x-tt-trace-tag: id=16;cdn-cache=miss;type=dyn
Server-Timing: cdn-cache; desc=MISS, edge; dur=8, origin; dur=136
X-Origin-Response-Time: 137,23.32.20.52
X-Akamai-Request-ID: 18c1423

{"code":0,"msg":"ok","data":{"app_secret":"863e74b93ef0c2eee48405021801d5e73bcea9db","app_id":"7473812106731749377","redirect_uri":"http:\/\/localhost:8888\/nguyen%20trung%20huu\/wp-admin\/","external_data_key":"72fc9e91-3a5b-4a1f-9fec-a8d25f39c642"}}

2025-02-21T10:23:55+00:00 DEBUG Tt4b_Pixel_Class::inject_view_content_event: hit ViewContent
2025-02-21T10:23:55+00:00 DEBUG Tt4b_Pixel_Class::inject_view_content_event: Missing option "access_token"
2025-02-21T10:43:45+00:00 DEBUG Tt4b_Pixel_Class::inject_view_content_event: hit ViewContent
2025-02-21T10:43:45+00:00 DEBUG Tt4b_Pixel_Class::inject_view_content_event: Missing option "access_token"
2025-02-21T10:48:00+00:00 DEBUG Tt4b_Pixel_Class::inject_view_content_event: hit ViewContent
2025-02-21T10:48:00+00:00 DEBUG Tt4b_Pixel_Class::inject_view_content_event: Missing option "access_token"
2025-02-21T10:50:42+00:00 DEBUG tt4b_product_delete: missing access token for tt4b_product_sync
2025-02-21T15:07:52+00:00 DEBUG Tt4b_Pixel_Class::inject_view_content_event: hit ViewContent
2025-02-21T15:07:52+00:00 DEBUG Tt4b_Pixel_Class::inject_view_content_event: Missing option "access_token"
2025-02-21T15:12:27+00:00 DEBUG Tt4b_Pixel_Class::inject_view_content_event: hit ViewContent
2025-02-21T15:12:27+00:00 DEBUG Tt4b_Pixel_Class::inject_view_content_event: Missing option "access_token"
2025-02-21T15:18:19+00:00 DEBUG Tt4b_Pixel_Class::inject_view_content_event: hit ViewContent
2025-02-21T15:18:19+00:00 DEBUG Tt4b_Pixel_Class::inject_view_content_event: Missing option "access_token"
2025-02-21T15:22:13+00:00 DEBUG Tt4b_Pixel_Class::inject_view_content_event: hit ViewContent
2025-02-21T15:22:13+00:00 DEBUG Tt4b_Pixel_Class::inject_view_content_event: Missing option "access_token"
2025-02-21T15:23:20+00:00 DEBUG Tt4b_Pixel_Class::inject_view_content_event: hit ViewContent
2025-02-21T15:23:20+00:00 DEBUG Tt4b_Pixel_Class::inject_view_content_event: Missing option "access_token"
2025-02-21T15:30:50+00:00 DEBUG Tt4b_Pixel_Class::inject_view_content_event: hit ViewContent
2025-02-21T15:30:50+00:00 DEBUG Tt4b_Pixel_Class::inject_view_content_event: Missing option "access_token"
2025-02-21T16:32:11+00:00 DEBUG Tt4b_Pixel_Class::inject_view_content_event: hit ViewContent
2025-02-21T16:32:11+00:00 DEBUG Tt4b_Pixel_Class::inject_view_content_event: Missing option "access_token"
2025-02-21T16:37:04+00:00 DEBUG Tt4b_Pixel_Class::inject_view_content_event: hit ViewContent
2025-02-21T16:37:04+00:00 DEBUG Tt4b_Pixel_Class::inject_view_content_event: Missing option "access_token"
2025-02-21T16:39:48+00:00 DEBUG Tt4b_Pixel_Class::inject_view_content_event: hit ViewContent
2025-02-21T16:39:48+00:00 DEBUG Tt4b_Pixel_Class::inject_view_content_event: Missing option "access_token"
2025-02-21T16:40:22+00:00 DEBUG Tt4b_Pixel_Class::inject_view_content_event: hit ViewContent
2025-02-21T16:40:22+00:00 DEBUG Tt4b_Pixel_Class::inject_view_content_event: Missing option "access_token"
2025-02-21T16:40:54+00:00 DEBUG Tt4b_Pixel_Class::inject_view_content_event: hit ViewContent
2025-02-21T16:40:54+00:00 DEBUG Tt4b_Pixel_Class::inject_view_content_event: Missing option "access_token"
2025-02-21T16:41:25+00:00 DEBUG Tt4b_Pixel_Class::inject_view_content_event: hit ViewContent
2025-02-21T16:41:25+00:00 DEBUG Tt4b_Pixel_Class::inject_view_content_event: Missing option "access_token"
2025-02-21T16:41:48+00:00 DEBUG Tt4b_Pixel_Class::inject_view_content_event: hit ViewContent
2025-02-21T16:41:48+00:00 DEBUG Tt4b_Pixel_Class::inject_view_content_event: Missing option "access_token"
2025-02-21T16:42:12+00:00 DEBUG Tt4b_Pixel_Class::inject_view_content_event: hit ViewContent
2025-02-21T16:42:12+00:00 DEBUG Tt4b_Pixel_Class::inject_view_content_event: Missing option "access_token"
2025-02-21T16:42:26+00:00 DEBUG Tt4b_Pixel_Class::inject_view_content_event: hit ViewContent
2025-02-21T16:42:26+00:00 DEBUG Tt4b_Pixel_Class::inject_view_content_event: Missing option "access_token"
